

============================== 2022-11-28 21:46:07.945105 | 05d9afd4-62a5-4fe0-89c0-ea855c6c413c ==============================
[0m21:46:07.945105 [info ] [MainThread]: Running with dbt=1.3.1
[0m21:46:07.946105 [debug] [MainThread]: running dbt with arguments {'write_json': True, 'use_colors': True, 'printer_width': 80, 'version_check': True, 'partial_parse': True, 'static_parser': True, 'profiles_dir': 'C:\\Users\\Ruoyu\\.dbt', 'send_anonymous_usage_stats': True, 'event_buffer_size': 100000, 'quiet': False, 'no_print': False, 'project_name': 'buyma', 'skip_profile_setup': False, 'which': 'init', 'indirect_selection': 'eager'}
[0m21:46:07.946105 [debug] [MainThread]: Tracking: tracking
[0m21:46:07.947107 [debug] [MainThread]: Sending event: {'category': 'dbt', 'action': 'invocation', 'label': 'start', 'context': [<snowplow_tracker.self_describing_json.SelfDescribingJson object at 0x000001797CF59EE0>, <snowplow_tracker.self_describing_json.SelfDescribingJson object at 0x000001797CF59E20>, <snowplow_tracker.self_describing_json.SelfDescribingJson object at 0x000001797CF59DC0>]}
[0m21:46:07.947107 [info ] [MainThread]: Creating dbt configuration folder at C:\Users\Ruoyu\.dbt
[0m21:46:07.949106 [debug] [MainThread]: Starter project path: c:\users\ruoyu\appdata\local\programs\python\python39\lib\site-packages\dbt\include\starter_project
[0m22:04:39.074936 [info ] [MainThread]: Profile buyma written to C:\Users\Ruoyu\.dbt\profiles.yml using target's profile_template.yml and your supplied values. Run 'dbt debug' to validate the connection.
[0m22:04:39.075935 [info ] [MainThread]: 
Your new dbt project "buyma" was created!

For more information on how to configure the profiles.yml file,
please consult the dbt documentation here:

  https://docs.getdbt.com/docs/configure-your-profile

One more thing:

Need help? Don't hesitate to reach out to us via GitHub issues or on Slack:

  https://community.getdbt.com/

Happy modeling!

[0m22:04:39.077936 [debug] [MainThread]: Sending event: {'category': 'dbt', 'action': 'invocation', 'label': 'end', 'context': [<snowplow_tracker.self_describing_json.SelfDescribingJson object at 0x000001791DD0A760>, <snowplow_tracker.self_describing_json.SelfDescribingJson object at 0x000001791E03E100>, <snowplow_tracker.self_describing_json.SelfDescribingJson object at 0x000001791E03E0D0>]}
[0m22:04:39.077936 [debug] [MainThread]: Flushing usage events


============================== 2022-12-05 00:25:50.216475 | 72972a02-6878-4414-be70-e9db68b4f8ea ==============================
[0m00:25:50.216475 [info ] [MainThread]: Running with dbt=1.3.1
[0m00:25:50.217475 [debug] [MainThread]: running dbt with arguments {'write_json': True, 'use_colors': True, 'printer_width': 80, 'version_check': True, 'partial_parse': True, 'static_parser': True, 'profiles_dir': 'C:\\Users\\Ruoyu\\.dbt', 'send_anonymous_usage_stats': True, 'event_buffer_size': 100000, 'quiet': False, 'no_print': False, 'config_dir': True, 'which': 'debug', 'indirect_selection': 'eager'}
[0m00:25:50.217475 [debug] [MainThread]: Tracking: tracking
[0m00:25:50.218478 [debug] [MainThread]: Sending event: {'category': 'dbt', 'action': 'invocation', 'label': 'start', 'context': [<snowplow_tracker.self_describing_json.SelfDescribingJson object at 0x0000012AF9450BE0>, <snowplow_tracker.self_describing_json.SelfDescribingJson object at 0x0000012AF9450D90>, <snowplow_tracker.self_describing_json.SelfDescribingJson object at 0x0000012AF9450D30>]}
[0m00:25:50.218478 [info ] [MainThread]: To view your profiles.yml file, run:

start C:\Users\Ruoyu\.dbt
[0m00:25:50.219476 [debug] [MainThread]: Sending event: {'category': 'dbt', 'action': 'invocation', 'label': 'end', 'context': [<snowplow_tracker.self_describing_json.SelfDescribingJson object at 0x0000012AF9450D90>, <snowplow_tracker.self_describing_json.SelfDescribingJson object at 0x0000012AF9450D30>, <snowplow_tracker.self_describing_json.SelfDescribingJson object at 0x0000012AF9450EB0>]}
[0m00:25:50.219476 [debug] [MainThread]: Flushing usage events


============================== 2022-12-05 00:27:10.938948 | 5a259fd4-273f-4d10-81d8-93946d5d4e39 ==============================
[0m00:27:10.938948 [info ] [MainThread]: Running with dbt=1.3.1
[0m00:27:10.939950 [debug] [MainThread]: running dbt with arguments {'write_json': True, 'use_colors': True, 'printer_width': 80, 'version_check': True, 'partial_parse': True, 'static_parser': True, 'profiles_dir': 'C:\\Users\\Ruoyu\\.dbt', 'send_anonymous_usage_stats': True, 'event_buffer_size': 100000, 'quiet': False, 'no_print': False, 'select': ['guess_data_clean'], 'which': 'run', 'rpc_method': 'run', 'indirect_selection': 'eager'}
[0m00:27:10.939950 [debug] [MainThread]: Tracking: tracking
[0m00:27:10.939950 [debug] [MainThread]: Sending event: {'category': 'dbt', 'action': 'invocation', 'label': 'start', 'context': [<snowplow_tracker.self_describing_json.SelfDescribingJson object at 0x000001F2D712C820>, <snowplow_tracker.self_describing_json.SelfDescribingJson object at 0x000001F2D712C8E0>, <snowplow_tracker.self_describing_json.SelfDescribingJson object at 0x000001F2D712C8B0>]}
[0m00:27:10.947949 [info ] [MainThread]: Partial parse save file not found. Starting full parse.
[0m00:27:10.947949 [debug] [MainThread]: Sending event: {'category': 'dbt', 'action': 'partial_parser', 'label': '5a259fd4-273f-4d10-81d8-93946d5d4e39', 'context': [<snowplow_tracker.self_describing_json.SelfDescribingJson object at 0x000001F2D713B6A0>]}
[0m00:27:11.003950 [debug] [MainThread]: Parsing macros\adapters.sql
[0m00:27:11.021948 [debug] [MainThread]: Parsing macros\catalog.sql
[0m00:27:11.025948 [debug] [MainThread]: Parsing macros\etc.sql
[0m00:27:11.026948 [debug] [MainThread]: Parsing macros\adapters\apply_grants.sql
[0m00:27:11.028948 [debug] [MainThread]: Parsing macros\materializations\copy.sql
[0m00:27:11.030948 [debug] [MainThread]: Parsing macros\materializations\incremental.sql
[0m00:27:11.043948 [debug] [MainThread]: Parsing macros\materializations\seed.sql
[0m00:27:11.045949 [debug] [MainThread]: Parsing macros\materializations\snapshot.sql
[0m00:27:11.046948 [debug] [MainThread]: Parsing macros\materializations\table.sql
[0m00:27:11.052949 [debug] [MainThread]: Parsing macros\materializations\view.sql
[0m00:27:11.054948 [debug] [MainThread]: Parsing macros\utils\array_append.sql
[0m00:27:11.054948 [debug] [MainThread]: Parsing macros\utils\array_concat.sql
[0m00:27:11.054948 [debug] [MainThread]: Parsing macros\utils\array_construct.sql
[0m00:27:11.055948 [debug] [MainThread]: Parsing macros\utils\bool_or.sql
[0m00:27:11.055948 [debug] [MainThread]: Parsing macros\utils\dateadd.sql
[0m00:27:11.056948 [debug] [MainThread]: Parsing macros\utils\datediff.sql
[0m00:27:11.057948 [debug] [MainThread]: Parsing macros\utils\date_trunc.sql
[0m00:27:11.057948 [debug] [MainThread]: Parsing macros\utils\escape_single_quotes.sql
[0m00:27:11.058948 [debug] [MainThread]: Parsing macros\utils\except.sql
[0m00:27:11.058948 [debug] [MainThread]: Parsing macros\utils\hash.sql
[0m00:27:11.058948 [debug] [MainThread]: Parsing macros\utils\intersect.sql
[0m00:27:11.058948 [debug] [MainThread]: Parsing macros\utils\listagg.sql
[0m00:27:11.059948 [debug] [MainThread]: Parsing macros\utils\position.sql
[0m00:27:11.060948 [debug] [MainThread]: Parsing macros\utils\right.sql
[0m00:27:11.060948 [debug] [MainThread]: Parsing macros\utils\safe_cast.sql
[0m00:27:11.060948 [debug] [MainThread]: Parsing macros\utils\split_part.sql
[0m00:27:11.061948 [debug] [MainThread]: Parsing macros\utils\timestamps.sql
[0m00:27:11.062948 [debug] [MainThread]: Parsing macros\adapters\apply_grants.sql
[0m00:27:11.072948 [debug] [MainThread]: Parsing macros\adapters\columns.sql
[0m00:27:11.079947 [debug] [MainThread]: Parsing macros\adapters\freshness.sql
[0m00:27:11.080948 [debug] [MainThread]: Parsing macros\adapters\indexes.sql
[0m00:27:11.082948 [debug] [MainThread]: Parsing macros\adapters\metadata.sql
[0m00:27:11.087948 [debug] [MainThread]: Parsing macros\adapters\persist_docs.sql
[0m00:27:11.091949 [debug] [MainThread]: Parsing macros\adapters\relation.sql
[0m00:27:11.101948 [debug] [MainThread]: Parsing macros\adapters\schema.sql
[0m00:27:11.103948 [debug] [MainThread]: Parsing macros\adapters\timestamps.sql
[0m00:27:11.105948 [debug] [MainThread]: Parsing macros\etc\datetime.sql
[0m00:27:11.111948 [debug] [MainThread]: Parsing macros\etc\statement.sql
[0m00:27:11.115951 [debug] [MainThread]: Parsing macros\generic_test_sql\accepted_values.sql
[0m00:27:11.116948 [debug] [MainThread]: Parsing macros\generic_test_sql\not_null.sql
[0m00:27:11.117948 [debug] [MainThread]: Parsing macros\generic_test_sql\relationships.sql
[0m00:27:11.117948 [debug] [MainThread]: Parsing macros\generic_test_sql\unique.sql
[0m00:27:11.118948 [debug] [MainThread]: Parsing macros\get_custom_name\get_custom_alias.sql
[0m00:27:11.119948 [debug] [MainThread]: Parsing macros\get_custom_name\get_custom_database.sql
[0m00:27:11.120947 [debug] [MainThread]: Parsing macros\get_custom_name\get_custom_schema.sql
[0m00:27:11.122948 [debug] [MainThread]: Parsing macros\materializations\configs.sql
[0m00:27:11.123947 [debug] [MainThread]: Parsing macros\materializations\hooks.sql
[0m00:27:11.126948 [debug] [MainThread]: Parsing macros\materializations\models\incremental\column_helpers.sql
[0m00:27:11.132948 [debug] [MainThread]: Parsing macros\materializations\models\incremental\incremental.sql
[0m00:27:11.140948 [debug] [MainThread]: Parsing macros\materializations\models\incremental\is_incremental.sql
[0m00:27:11.141947 [debug] [MainThread]: Parsing macros\materializations\models\incremental\merge.sql
[0m00:27:11.151948 [debug] [MainThread]: Parsing macros\materializations\models\incremental\on_schema_change.sql
[0m00:27:11.163949 [debug] [MainThread]: Parsing macros\materializations\models\incremental\strategies.sql
[0m00:27:11.168948 [debug] [MainThread]: Parsing macros\materializations\models\table\create_table_as.sql
[0m00:27:11.171948 [debug] [MainThread]: Parsing macros\materializations\models\table\table.sql
[0m00:27:11.175948 [debug] [MainThread]: Parsing macros\materializations\models\view\create_or_replace_view.sql
[0m00:27:11.177948 [debug] [MainThread]: Parsing macros\materializations\models\view\create_view_as.sql
[0m00:27:11.179948 [debug] [MainThread]: Parsing macros\materializations\models\view\helpers.sql
[0m00:27:11.180948 [debug] [MainThread]: Parsing macros\materializations\models\view\view.sql
[0m00:27:11.184947 [debug] [MainThread]: Parsing macros\materializations\seeds\helpers.sql
[0m00:27:11.197948 [debug] [MainThread]: Parsing macros\materializations\seeds\seed.sql
[0m00:27:11.202947 [debug] [MainThread]: Parsing macros\materializations\snapshots\helpers.sql
[0m00:27:11.211948 [debug] [MainThread]: Parsing macros\materializations\snapshots\snapshot.sql
[0m00:27:11.219948 [debug] [MainThread]: Parsing macros\materializations\snapshots\snapshot_merge.sql
[0m00:27:11.221947 [debug] [MainThread]: Parsing macros\materializations\snapshots\strategies.sql
[0m00:27:11.232947 [debug] [MainThread]: Parsing macros\materializations\tests\helpers.sql
[0m00:27:11.234947 [debug] [MainThread]: Parsing macros\materializations\tests\test.sql
[0m00:27:11.237948 [debug] [MainThread]: Parsing macros\materializations\tests\where_subquery.sql
[0m00:27:11.238948 [debug] [MainThread]: Parsing macros\python_model\python.sql
[0m00:27:11.243947 [debug] [MainThread]: Parsing macros\utils\any_value.sql
[0m00:27:11.243947 [debug] [MainThread]: Parsing macros\utils\array_append.sql
[0m00:27:11.244948 [debug] [MainThread]: Parsing macros\utils\array_concat.sql
[0m00:27:11.245948 [debug] [MainThread]: Parsing macros\utils\array_construct.sql
[0m00:27:11.246948 [debug] [MainThread]: Parsing macros\utils\bool_or.sql
[0m00:27:11.247948 [debug] [MainThread]: Parsing macros\utils\cast_bool_to_text.sql
[0m00:27:11.247948 [debug] [MainThread]: Parsing macros\utils\concat.sql
[0m00:27:11.248947 [debug] [MainThread]: Parsing macros\utils\data_types.sql
[0m00:27:11.253948 [debug] [MainThread]: Parsing macros\utils\dateadd.sql
[0m00:27:11.254948 [debug] [MainThread]: Parsing macros\utils\datediff.sql
[0m00:27:11.255947 [debug] [MainThread]: Parsing macros\utils\date_trunc.sql
[0m00:27:11.255947 [debug] [MainThread]: Parsing macros\utils\escape_single_quotes.sql
[0m00:27:11.256947 [debug] [MainThread]: Parsing macros\utils\except.sql
[0m00:27:11.257948 [debug] [MainThread]: Parsing macros\utils\hash.sql
[0m00:27:11.258947 [debug] [MainThread]: Parsing macros\utils\intersect.sql
[0m00:27:11.258947 [debug] [MainThread]: Parsing macros\utils\last_day.sql
[0m00:27:11.259947 [debug] [MainThread]: Parsing macros\utils\length.sql
[0m00:27:11.260947 [debug] [MainThread]: Parsing macros\utils\listagg.sql
[0m00:27:11.262948 [debug] [MainThread]: Parsing macros\utils\literal.sql
[0m00:27:11.263947 [debug] [MainThread]: Parsing macros\utils\position.sql
[0m00:27:11.263947 [debug] [MainThread]: Parsing macros\utils\replace.sql
[0m00:27:11.264947 [debug] [MainThread]: Parsing macros\utils\right.sql
[0m00:27:11.265948 [debug] [MainThread]: Parsing macros\utils\safe_cast.sql
[0m00:27:11.266948 [debug] [MainThread]: Parsing macros\utils\split_part.sql
[0m00:27:11.267948 [debug] [MainThread]: Parsing tests\generic\builtin.sql
[0m00:27:11.481950 [debug] [MainThread]: 1699: static parser successfully parsed views\guess_data_clean.sql
[0m00:27:11.489948 [debug] [MainThread]: 1699: static parser successfully parsed views\latest_cadjpy.sql
[0m00:27:11.491948 [debug] [MainThread]: 1699: static parser successfully parsed views\product_japanese.sql
[0m00:27:11.534947 [warn ] [MainThread]: [[33mWARNING[0m]: Configuration paths exist in your dbt_project.yml file which do not apply to any resources.
There are 1 unused configuration paths:
- models.buyma.example

[0m00:27:11.538951 [debug] [MainThread]: Sending event: {'category': 'dbt', 'action': 'load_project', 'label': '5a259fd4-273f-4d10-81d8-93946d5d4e39', 'context': [<snowplow_tracker.self_describing_json.SelfDescribingJson object at 0x000001F2D73940D0>]}
[0m00:27:11.544949 [debug] [MainThread]: Sending event: {'category': 'dbt', 'action': 'resource_counts', 'label': '5a259fd4-273f-4d10-81d8-93946d5d4e39', 'context': [<snowplow_tracker.self_describing_json.SelfDescribingJson object at 0x000001F2D713B6D0>]}
[0m00:27:11.545950 [info ] [MainThread]: Found 3 models, 0 tests, 0 snapshots, 0 analyses, 319 macros, 0 operations, 0 seed files, 6 sources, 0 exposures, 0 metrics
[0m00:27:11.545950 [debug] [MainThread]: Sending event: {'category': 'dbt', 'action': 'runnable_timing', 'label': '5a259fd4-273f-4d10-81d8-93946d5d4e39', 'context': [<snowplow_tracker.self_describing_json.SelfDescribingJson object at 0x000001F2D7394F70>]}
[0m00:27:11.546948 [info ] [MainThread]: 
[0m00:27:11.546948 [debug] [MainThread]: Acquiring new bigquery connection "master"
[0m00:27:11.547948 [debug] [ThreadPool]: Acquiring new bigquery connection "list_buymamanagement"
[0m00:27:11.548948 [debug] [ThreadPool]: Opening a new connection, currently in state init
[0m00:27:12.183181 [debug] [ThreadPool]: Acquiring new bigquery connection "list_buymamanagement_buyma_ruoyu"
[0m00:27:12.184181 [debug] [ThreadPool]: Opening a new connection, currently in state init
[0m00:27:12.672179 [debug] [MainThread]: Sending event: {'category': 'dbt', 'action': 'runnable_timing', 'label': '5a259fd4-273f-4d10-81d8-93946d5d4e39', 'context': [<snowplow_tracker.self_describing_json.SelfDescribingJson object at 0x000001F2D71E6A60>]}
[0m00:27:12.673180 [info ] [MainThread]: Concurrency: 4 threads (target='dev')
[0m00:27:12.674178 [info ] [MainThread]: 
[0m00:27:12.678180 [debug] [Thread-1  ]: Began running node model.buyma.guess_data_clean
[0m00:27:12.679181 [info ] [Thread-1  ]: 1 of 1 START sql table model buyma_ruoyu.guess_data_clean ...................... [RUN]
[0m00:27:12.680182 [debug] [Thread-1  ]: Acquiring new bigquery connection "model.buyma.guess_data_clean"
[0m00:27:12.680182 [debug] [Thread-1  ]: Began compiling node model.buyma.guess_data_clean
[0m00:27:12.680182 [debug] [Thread-1  ]: Compiling model.buyma.guess_data_clean
[0m00:27:12.684178 [debug] [Thread-1  ]: Writing injected SQL for node "model.buyma.guess_data_clean"
[0m00:27:12.686179 [debug] [Thread-1  ]: finished collecting timing info
[0m00:27:12.686179 [debug] [Thread-1  ]: Began executing node model.buyma.guess_data_clean
[0m00:27:12.716177 [debug] [Thread-1  ]: Writing runtime sql for node "model.buyma.guess_data_clean"
[0m00:27:12.717179 [debug] [Thread-1  ]: Opening a new connection, currently in state init
[0m00:27:12.718178 [debug] [Thread-1  ]: On model.buyma.guess_data_clean: /* {"app": "dbt", "dbt_version": "1.3.1", "profile_name": "buyma", "target_name": "dev", "node_id": "model.buyma.guess_data_clean"} */

  
    

    create or replace table `buymamanagement`.`buyma_ruoyu`.`guess_data_clean`
    
    
    OPTIONS()
    as (
      

with guess_data as (
    select * from `buymamanagement`.`buyma_ruoyu`.`guess_data`
),

rates as (
    select * from `buymamanagement`.`buyma_ruoyu`.`exchange_rates`
),

guess_data_transform as (
    select
        id,
        'Guess' as brand,
        size,
        color,
        LEFT(old_price, 1) as old_price,
        LEFT(new_price, 1) as new_price,
        old_price * rates.rate as old_price_jpy,
        new_price * rates.rate as new_price_jpy,
        name,
        description,
        image_str,
        '1' AS echange_rate_id, 

    from guess_data
    left join rates
    on rates.rate_id = guess_data.echange_rate_id

)
    );
  
[0m00:27:13.306059 [debug] [Thread-1  ]: BigQuery adapter: Retry attempt 1 of 1 after error: BadRequest('Syntax error: Expected "(" or "," or keyword SELECT but got ")" at [41:5]')
[0m00:27:13.608059 [error] [Thread-1  ]: BigQuery adapter: https://console.cloud.google.com/bigquery?project=buymamanagement&j=bq:us-central1:9e9ae6bd-7832-4c24-be19-4fe7645caee1&page=queryresults
[0m00:27:13.609059 [debug] [Thread-1  ]: finished collecting timing info
[0m00:27:13.609059 [debug] [Thread-1  ]: Database Error in model guess_data_clean (models\views\guess_data_clean.sql)
  Syntax error: Expected "(" or "," or keyword SELECT but got ")" at [41:5]
  compiled Code at target\run\buyma\models\views\guess_data_clean.sql
[0m00:27:13.610059 [debug] [Thread-1  ]: Sending event: {'category': 'dbt', 'action': 'run_model', 'label': '5a259fd4-273f-4d10-81d8-93946d5d4e39', 'context': [<snowplow_tracker.self_describing_json.SelfDescribingJson object at 0x000001F2D74A8D90>]}
[0m00:27:13.610059 [error] [Thread-1  ]: 1 of 1 ERROR creating sql table model buyma_ruoyu.guess_data_clean ............. [[31mERROR[0m in 0.93s]
[0m00:27:13.611058 [debug] [Thread-1  ]: Finished running node model.buyma.guess_data_clean
[0m00:27:13.612058 [debug] [MainThread]: Acquiring new bigquery connection "master"
[0m00:27:13.612058 [info ] [MainThread]: 
[0m00:27:13.613058 [info ] [MainThread]: Finished running 1 table model in 0 hours 0 minutes and 2.07 seconds (2.07s).
[0m00:27:13.613058 [debug] [MainThread]: Connection 'master' was properly closed.
[0m00:27:13.613058 [debug] [MainThread]: Connection 'list_buymamanagement' was properly closed.
[0m00:27:13.613058 [debug] [MainThread]: Connection 'list_buymamanagement_buyma_ruoyu' was properly closed.
[0m00:27:13.613058 [debug] [MainThread]: Connection 'model.buyma.guess_data_clean' was properly closed.
[0m00:27:13.619058 [info ] [MainThread]: 
[0m00:27:13.619058 [info ] [MainThread]: [31mCompleted with 1 error and 0 warnings:[0m
[0m00:27:13.620058 [info ] [MainThread]: 
[0m00:27:13.620058 [error] [MainThread]: [33mDatabase Error in model guess_data_clean (models\views\guess_data_clean.sql)[0m
[0m00:27:13.621058 [error] [MainThread]:   Syntax error: Expected "(" or "," or keyword SELECT but got ")" at [41:5]
[0m00:27:13.621058 [error] [MainThread]:   compiled Code at target\run\buyma\models\views\guess_data_clean.sql
[0m00:27:13.622059 [info ] [MainThread]: 
[0m00:27:13.622059 [info ] [MainThread]: Done. PASS=0 WARN=0 ERROR=1 SKIP=0 TOTAL=1
[0m00:27:13.623058 [debug] [MainThread]: Sending event: {'category': 'dbt', 'action': 'invocation', 'label': 'end', 'context': [<snowplow_tracker.self_describing_json.SelfDescribingJson object at 0x000001F2D73940D0>, <snowplow_tracker.self_describing_json.SelfDescribingJson object at 0x000001F2D7394B50>, <snowplow_tracker.self_describing_json.SelfDescribingJson object at 0x000001F2D74DEC40>]}
[0m00:27:13.623058 [debug] [MainThread]: Flushing usage events
